<?xml version="1.0" encoding="UTF-8"?>
<!-- Generated by org.testng.reporters.JUnitXMLReporter -->
<testsuite ignored="2" hostname="DESKTOP-ORKTBJG" failures="0" tests="2" name="TestRunner-2" time="78.056" errors="0" timestamp="2023-08-08T16:28:05 IST">
  <testcase classname="user_Module.Order_a_Product_TestNGTest" name="orderAProduct" time="43.798"/>
  <testcase classname="user_Module.SignUpToApplication_TestNGTest" name="signUpToApplicationTest" time="13.467"/>
  <testcase classname="com.BuyKart.GenericUtility.BaseClass" name="@AfterSuite config_AS" time="0.0">
    <ignored/>
  </testcase> <!-- @AfterSuite config_AS -->
  <testcase classname="com.BuyKart.GenericUtility.BaseClass" name="@BeforeSuite config_BS" time="0.0">
    <ignored/>
  </testcase> <!-- @BeforeSuite config_BS -->
</testsuite> <!-- TestRunner-2 -->
