<?xml version="1.0" encoding="UTF-8"?>
<!-- Generated by org.testng.reporters.JUnitXMLReporter -->
<testsuite ignored="0" hostname="DESKTOP-ORKTBJG" failures="0" tests="3" name="Test" time="0.101" errors="0" timestamp="2023-08-16T13:32:53 IST">
  <testcase classname="practiceTestNG.TestNG_ScriptTest" name="createCategory" time="0.012"/>
  <testcase classname="practiceTestNG.TestNG_ScriptTest" name="createSubCategory" time="0.003"/>
  <testcase classname="practiceTestNG.TestNG_Script2Test" name="clickOnCategory" time="0.002"/>
</testsuite> <!-- Test -->
