<?xml version="1.0" encoding="UTF-8"?>
<!-- Generated by org.testng.reporters.JUnitXMLReporter -->
<testsuite ignored="6" hostname="DESKTOP-ORKTBJG" failures="0" tests="8" name="TestRunner-3" time="3.284" errors="0" timestamp="2023-08-14T15:18:28 IST">
  <testcase classname="practiceTestNG.TestNG_CreateCategoryTest" name="createCategory" time="0.0">
    <skipped/>
  </testcase> <!-- createCategory -->
  <testcase classname="practiceTestNG.TestNG_CreateCategoryTest" name="editCategory" time="0.001">
    <skipped/>
  </testcase> <!-- editCategory -->
  <testcase classname="practiceTestNG.TestNG_CreateProductTest" name="createProduct" time="0.001">
    <skipped/>
  </testcase> <!-- createProduct -->
  <testcase classname="practiceTestNG.TestNG_CreateProductTest" name="editProduct" time="0.0">
    <skipped/>
  </testcase> <!-- editProduct -->
  <testcase classname="practiceTestNG.TestNG_CreateSubCategoryTest" name="createSubCategory" time="0.0">
    <skipped/>
  </testcase> <!-- createSubCategory -->
  <testcase classname="practiceTestNG.TestNG_CreateSubCategoryTest" name="editSubCategory" time="0.0">
    <skipped/>
  </testcase> <!-- editSubCategory -->
  <testcase classname="practiceTestNG.TestNG_CreateUser" name="createUser" time="0.0">
    <skipped/>
  </testcase> <!-- createUser -->
  <testcase classname="practiceTestNG.TestNG_CreateUser" name="editUser" time="0.0">
    <skipped/>
  </testcase> <!-- editUser -->
  <testcase classname="com.BuyKart.GenericUtility.BaseClass" name="@BeforeSuite config_BS" time="0.0">
    <ignored/>
  </testcase> <!-- @BeforeSuite config_BS -->
  <testcase classname="com.BuyKart.GenericUtility.BaseClass" name="@BeforeSuite config_BS" time="0.0">
    <ignored/>
  </testcase> <!-- @BeforeSuite config_BS -->
  <testcase classname="com.BuyKart.GenericUtility.BaseClass" name="@AfterSuite config_AS" time="0.0">
    <ignored/>
  </testcase> <!-- @AfterSuite config_AS -->
  <testcase classname="com.BuyKart.GenericUtility.BaseClass" name="@BeforeSuite config_BS" time="0.0">
    <ignored/>
  </testcase> <!-- @BeforeSuite config_BS -->
  <testcase classname="com.BuyKart.GenericUtility.BaseClass" name="@AfterSuite config_AS" time="0.0">
    <ignored/>
  </testcase> <!-- @AfterSuite config_AS -->
  <testcase classname="com.BuyKart.GenericUtility.BaseClass" name="@AfterSuite config_AS" time="0.0">
    <ignored/>
  </testcase> <!-- @AfterSuite config_AS -->
</testsuite> <!-- TestRunner-3 -->
