<?xml version="1.0" encoding="UTF-8"?>
<testng-results ignored="0" total="3" passed="3" failed="0" skipped="0">
  <reporter-output>
  </reporter-output>
  <suite started-at="2023-08-16T13:32:52 IST" name="Suite" finished-at="2023-08-16T13:32:53 IST" duration-ms="101">
    <groups>
    </groups>
    <test started-at="2023-08-16T13:32:52 IST" name="Test" finished-at="2023-08-16T13:32:53 IST" duration-ms="101">
      <class name="practiceTestNG.TestNG_ScriptTest">
        <test-method signature="createCategory()[pri:0, instance:practiceTestNG.TestNG_ScriptTest@76b1e9b8]" started-at="2023-08-16T13:32:52 IST" name="createCategory" finished-at="2023-08-16T13:32:53 IST" duration-ms="12" status="PASS">
          <reporter-output>
          </reporter-output>
        </test-method> <!-- createCategory -->
        <test-method signature="createSubCategory()[pri:0, instance:practiceTestNG.TestNG_ScriptTest@76b1e9b8]" started-at="2023-08-16T13:32:53 IST" name="createSubCategory" finished-at="2023-08-16T13:32:53 IST" duration-ms="3" status="PASS">
          <reporter-output>
          </reporter-output>
        </test-method> <!-- createSubCategory -->
      </class> <!-- practiceTestNG.TestNG_ScriptTest -->
      <class name="practiceTestNG.TestNG_Script2Test">
        <test-method signature="clickOnCategory()[pri:0, instance:practiceTestNG.TestNG_Script2Test@663c9e7a]" started-at="2023-08-16T13:32:53 IST" name="clickOnCategory" finished-at="2023-08-16T13:32:53 IST" duration-ms="2" status="PASS">
          <reporter-output>
          </reporter-output>
        </test-method> <!-- clickOnCategory -->
      </class> <!-- practiceTestNG.TestNG_Script2Test -->
    </test> <!-- Test -->
  </suite> <!-- Suite -->
</testng-results>
